{"student_email":"jonas.macapagal@pnm.edu.ph","faculty_token":"Njg2MmFlY2JiNThhNHw2ODYyYWVjYmI1OGE0","ai_recommendation":"Instructional Leadership Training"}
{"student_email":"jonas.macapagal@pnm.edu.ph","faculty_token":"Njg2MjhkZDJiMmIzOHw2ODYyOGRkMmIyYjM4","ai_recommendation":"Research Writing and Publication"}
{"student_email":"aaron@pnm.edu.ph","faculty_token":"Njg2MjhkZDJiMmIzOHw2ODYyOGRkMmIyYjM4","ai_recommendation":"Advanced Curriculum Design"}
{"student_email":"aaron@pnm.edu.ph","faculty_token":"Njg2MmFlY2JiNThhNHw2ODYyYWVjYmI1OGE0","ai_recommendation":"Instructional Leadership Training"}
{"student_email":"jonas.macapagal@pnm.edu.ph","faculty_token":"Njg2MmFmMWNjN2E0MXw2ODYyYWYxY2M3YTQx","ai_recommendation":"Research Writing and Publication"}
{"student_email":"castillo@pnm.edu.ph","faculty_token":"Njg2MjhkZDJiMmIzOHw2ODYyOGRkMmIyYjM4","ai_recommendation":"Research Writing and Publication"}
{"student_email":"castillo@pnm.edu.ph","faculty_token":"Njg2MmFmMWNjN2E0MXw2ODYyYWYxY2M3YTQx","ai_recommendation":"Improving Communication Skills"}
{"student_email":"castillo@pnm.edu.ph","faculty_token":"Njg2MmFlY2JiNThhNHw2ODYyYWVjYmI1OGE0","ai_recommendation":"Time Management for Educators"}
{"student_email":"student1@pnm.edu.ph","faculty_token":"Njg2MjhkZDJiMmIzOHw2ODYyOGRkMmIyYjM4","ai_recommendation":"Outcome-Based Education Seminar"}
{"student_email":"jonas.macapagal@pnm.edu.ph","faculty_token":"Njg2MjhkZDJiMmIzOHw2ODYyOGRkMmIyYjM4","ai_recommendation":"Outcome-Based Education Seminar"}
{"student_email":"jonas.macapagal@pnm.edu.ph","faculty_token":"Njg2MmFlY2JiNThhNHw2ODYyYWVjYmI1OGE0","ai_recommendation":"Blended Learning Design"}
{"student_email":"jonas.macapagal@pnm.edu.ph","faculty_token":"Njg2MmFmMWNjN2E0MXw2ODYyYWYxY2M3YTQx","ai_recommendation":"Flipped Classroom Implementation"}
{"student_email":"castillo@pnm.edu.ph","faculty_token":"Njg2MjhkZDJiMmIzOHw2ODYyOGRkMmIyYjM4","ai_recommendation":"Flipped Classroom Implementation"}
{"student_email":"castillo@pnm.edu.ph","faculty_token":"Njg2MmFlY2JiNThhNHw2ODYyYWVjYmI1OGE0","ai_recommendation":"Flipped Classroom Implementation"}
{"student_email":"castillo@pnm.edu.ph","faculty_token":"Njg2MmFmMWNjN2E0MXw2ODYyYWYxY2M3YTQx","ai_recommendation":"Instructional Leadership Training"}
{"student_email":"student1@pnm.edu.ph","faculty_token":"Njg2MjhkZDJiMmIzOHw2ODYyOGRkMmIyYjM4","ai_recommendation":"Creating Inclusive Learning Environments"}
{"student_email":"student1@pnm.edu.ph","faculty_token":"Njg2MmFlY2JiNThhNHw2ODYyYWVjYmI1OGE0","ai_recommendation":"Outcome-Based Education Seminar"}
{"student_email":"student1@pnm.edu.ph","faculty_token":"Njg2MmFmMWNjN2E0MXw2ODYyYWYxY2M3YTQx","ai_recommendation":"Time Management for Educators"}
{"student_email":"student6@pnm.edu.ph","faculty_token":"Njg2MjhkZDJiMmIzOHw2ODYyOGRkMmIyYjM4","ai_recommendation":"Outcome-Based Education Seminar"}
{"student_email":"student6@pnm.edu.ph","faculty_token":"Njg2MmFlY2JiNThhNHw2ODYyYWVjYmI1OGE0","ai_recommendation":"Blended Learning Design"}
